<?xml version="1.0" encoding="UTF-8"?>
<!-- Generated by org.testng.reporters.JUnitReportReporter -->
<testsuite hostname="LH7U05CG51707J8" name="sauce.NewTest" tests="1" failures="0" timestamp="23 Jun 2017 18:33:04 GMT" time="6.379" errors="0">
  <testcase name="testEasy" time="6.379" classname="sauce.NewTest"/>
</testsuite> <!-- sauce.NewTest -->
